<?xml version="1.0" encoding="UTF-8"?>
<testsuite name="Cucumber" time="85.188" tests="11" skipped="0" failures="1" errors="0">
<testcase classname="Login Functionality" name="Login with valid credentials - Example #1.1" time="7.742">
<system-out><![CDATA[
Given User navigates to Login page..........................................passed
When User enters the valid email address "va123@gmail.com"..................passed
And Enters valid password "12345"...........................................passed
And Clicks on Login button..................................................passed
Then User should Login successfully.........................................passed
]]></system-out>
</testcase>
<testcase classname="Login Functionality" name="Login with valid credentials - Example #1.2" time="6.285">
<system-out><![CDATA[
Given User navigates to Login page..........................................passed
When User enters the valid email address "venaagr@gmail.com"................passed
And Enters valid password "12345"...........................................passed
And Clicks on Login button..................................................passed
Then User should Login successfully.........................................passed
]]></system-out>
</testcase>
<testcase classname="Login Functionality" name="Login with valid credentials - Example #1.3" time="6.243">
<system-out><![CDATA[
Given User navigates to Login page..........................................passed
When User enters the valid email address "agrve@gmail.com"..................passed
And Enters valid password "12345"...........................................passed
And Clicks on Login button..................................................passed
Then User should Login successfully.........................................passed
]]></system-out>
</testcase>
<testcase classname="Login Functionality" name="Login with valid email and invalid password" time="6.285">
<system-out><![CDATA[
Given User navigates to Login page..........................................passed
When User enters the valid email address "va123@gmail.com"..................passed
And Enters invalid password "12345xyz"......................................passed
And Clicks on Login button..................................................passed
Then User should not Login and get proper warning message...................passed
]]></system-out>
</testcase>
<testcase classname="Search Functionality" name="Search for a existing product" time="6.478">
<system-out><![CDATA[
Given User open the Application.............................................passed
When User enters the existing product into search field "HP"................passed
And click on search button..................................................passed
Then the product should be displayed in search results......................passed
]]></system-out>
</testcase>
<testcase classname="Search Functionality" name="Search for a non existing product" time="5.329">
<system-out><![CDATA[
Given User open the Application.............................................passed
When User enters the non existing product into search field "Honda".........passed
And click on search button..................................................passed
Then Proper information message should be displayed.........................passed
]]></system-out>
</testcase>
<testcase classname="Search Functionality" name="Search without providing any product" time="6.236">
<system-out><![CDATA[
Given User open the Application.............................................passed
When User does not enters anything into search field........................passed
And click on search button..................................................passed
Then Proper information message should be displayed.........................passed
]]></system-out>
</testcase>
<testcase classname="User Registration" name="Register with mandatory fields" time="7.268">
<system-out><![CDATA[
Given User navigates to Account registration page...........................passed
When User enters below details in the fields................................passed
And User select private policy field........................................passed
And User clicks on Continue button..........................................passed
Then User account get created successfully..................................passed
]]></system-out>
</testcase>
<testcase classname="User Registration" name="Register with all fields" time="7.402">
<system-out><![CDATA[
Given User navigates to Account registration page...........................passed
When User enters below details in the fields................................passed
And User selects yes for newsletter option..................................passed
And User select private policy field........................................passed
And User clicks on Continue button..........................................passed
Then User account get created successfully..................................passed
]]></system-out>
</testcase>
<testcase classname="User Registration" name="Register without providing any  fields" time="6.846">
<system-out><![CDATA[
Given User navigates to Account registration page...........................passed
When User does not enter any fields.........................................passed
And User clicks on Continue button..........................................passed
Then Warning messages should be displayed under all the respective fields...passed
]]></system-out>
</testcase>
<testcase classname="User Registration" name="Register with already existing email address" time="18.625">
<failure type="org.openqa.selenium.NoSuchElementException" message="no such element: Unable to locate element: {&quot;method&quot;:&quot;xpath&quot;,&quot;selector&quot;:&quot;//div[@class='alert alert-danger alert-dismissible']&quot;}
  (Session info: chrome=142.0.7444.176)
For documentation on this error, please visit: https://www.selenium.dev/documentation/webdriver/troubleshooting/errors#no-such-element-exception
Build info: version: '4.27.0', revision: 'd6e718d134'
System info: os.name: 'Windows 11', os.arch: 'amd64', os.version: '10.0', java.version: '11.0.28'
Driver info: org.openqa.selenium.chrome.ChromeDriver
Command: [ef0e6f1cdbc80b7ee0ca9eecb1a66f43, findElement {using=xpath, value=//div[@class='alert alert-danger alert-dismissible']}]
Capabilities {acceptInsecureCerts: false, browserName: chrome, browserVersion: 142.0.7444.176, chrome: {chromedriverVersion: 142.0.7444.175 (302067f14a4..., userDataDir: C:\Users\ltsadmin\AppData\L...}, fedcm:accounts: true, goog:chromeOptions: {debuggerAddress: localhost:64055}, goog:processID: 3896, networkConnectionEnabled: false, pageLoadStrategy: normal, platformName: windows, proxy: Proxy(), se:cdp: ws://localhost:64055/devtoo..., se:cdpVersion: 142.0.7444.176, setWindowRect: true, strictFileInteractability: false, timeouts: {implicit: 0, pageLoad: 300000, script: 30000}, unhandledPromptBehavior: dismiss and notify, webauthn:extension:credBlob: true, webauthn:extension:largeBlob: true, webauthn:extension:minPinLength: true, webauthn:extension:prf: true, webauthn:virtualAuthenticators: true}
Session ID: ef0e6f1cdbc80b7ee0ca9eecb1a66f43">
<![CDATA[org.openqa.selenium.NoSuchElementException: no such element: Unable to locate element: {"method":"xpath","selector":"//div[@class='alert alert-danger alert-dismissible']"}
  (Session info: chrome=142.0.7444.176)
For documentation on this error, please visit: https://www.selenium.dev/documentation/webdriver/troubleshooting/errors#no-such-element-exception
Build info: version: '4.27.0', revision: 'd6e718d134'
System info: os.name: 'Windows 11', os.arch: 'amd64', os.version: '10.0', java.version: '11.0.28'
Driver info: org.openqa.selenium.chrome.ChromeDriver
Command: [ef0e6f1cdbc80b7ee0ca9eecb1a66f43, findElement {using=xpath, value=//div[@class='alert alert-danger alert-dismissible']}]
Capabilities {acceptInsecureCerts: false, browserName: chrome, browserVersion: 142.0.7444.176, chrome: {chromedriverVersion: 142.0.7444.175 (302067f14a4..., userDataDir: C:\Users\ltsadmin\AppData\L...}, fedcm:accounts: true, goog:chromeOptions: {debuggerAddress: localhost:64055}, goog:processID: 3896, networkConnectionEnabled: false, pageLoadStrategy: normal, platformName: windows, proxy: Proxy(), se:cdp: ws://localhost:64055/devtoo..., se:cdpVersion: 142.0.7444.176, setWindowRect: true, strictFileInteractability: false, timeouts: {implicit: 0, pageLoad: 300000, script: 30000}, unhandledPromptBehavior: dismiss and notify, webauthn:extension:credBlob: true, webauthn:extension:largeBlob: true, webauthn:extension:minPinLength: true, webauthn:extension:prf: true, webauthn:virtualAuthenticators: true}
Session ID: ef0e6f1cdbc80b7ee0ca9eecb1a66f43
	at java.base/jdk.internal.reflect.NativeConstructorAccessorImpl.newInstance0(Native Method)
	at java.base/jdk.internal.reflect.NativeConstructorAccessorImpl.newInstance(NativeConstructorAccessorImpl.java:62)
	at java.base/jdk.internal.reflect.DelegatingConstructorAccessorImpl.newInstance(DelegatingConstructorAccessorImpl.java:45)
	at java.base/java.lang.reflect.Constructor.newInstance(Constructor.java:490)
	at org.openqa.selenium.remote.ErrorCodec.decode(ErrorCodec.java:167)
	at org.openqa.selenium.remote.codec.w3c.W3CHttpResponseCodec.decode(W3CHttpResponseCodec.java:138)
	at org.openqa.selenium.remote.codec.w3c.W3CHttpResponseCodec.decode(W3CHttpResponseCodec.java:50)
	at org.openqa.selenium.remote.HttpCommandExecutor.execute(HttpCommandExecutor.java:190)
	at org.openqa.selenium.remote.service.DriverCommandExecutor.invokeExecute(DriverCommandExecutor.java:216)
	at org.openqa.selenium.remote.service.DriverCommandExecutor.execute(DriverCommandExecutor.java:174)
	at org.openqa.selenium.remote.RemoteWebDriver.execute(RemoteWebDriver.java:545)
	at org.openqa.selenium.remote.ElementLocation$ElementFinder$2.findElement(ElementLocation.java:165)
	at org.openqa.selenium.remote.ElementLocation.findElement(ElementLocation.java:59)
	at org.openqa.selenium.remote.RemoteWebDriver.findElement(RemoteWebDriver.java:368)
	at org.openqa.selenium.remote.RemoteWebDriver.findElement(RemoteWebDriver.java:362)
	at stepDefinitions.RegisterStepdef.Warning_message_about_email_address_already_exists(RegisterStepdef.java:104)
	at âœ½.Warning message about email address already exists(file:///C:/VENUS/javaSeleniumTestNG/tutorialsNinjaBDD/src/test/resources/featureFiles/register.feature:43)
]]>
</failure>
<system-out><![CDATA[
Given User navigates to Account registration page...........................passed
When User enters below details in the fields................................passed
And User selects yes for newsletter option..................................passed
And User select private policy field........................................passed
And User clicks on Continue button..........................................passed
Then Warning message about email address already exists.....................failed
]]></system-out>
</testcase>
</testsuite>
